# JRE version: Java(TM) SE Runtime Environment (8.0_05-b13) (build 1.8.0_05-b13)
# Java VM: Java HotSpot(TM) 64-Bit Server VM (25.5-b02 mixed mode windows-amd64 compressed oops)
Heap:
 PSYoungGen      total 5120K, used 2193K [0x00000000d5f80000, 0x00000000d6780000, 0x0000000100000000)
  eden space 3584K, 18% used [0x00000000d5f80000,0x00000000d6025270,0x00000000d6300000)
  from space 1536K, 99% used [0x00000000d6500000,0x00000000d667f460,0x00000000d6680000)
  to   space 2048K, 0% used [0x00000000d6300000,0x00000000d6300000,0x00000000d6500000)
 ParOldGen       total 129536K, used 1901K [0x0000000081e00000, 0x0000000089c80000, 0x00000000d5f80000)
  object space 129536K, 1% used [0x0000000081e00000,0x0000000081fdb4d0,0x0000000089c80000)
 Metaspace       used 7025K, capacity 7164K, committed 7296K, reserved 1056768K
  class space    used 750K, capacity 792K, committed 896K, reserved 1048576K
GC Heap History (10 events):
Event: 0.301 GC heap before
{Heap before GC invocations=4 (full 0):
 PSYoungGen      total 1024K, used 1016K [0x00000000d5f80000, 0x00000000d6180000, 0x0000000100000000)
  eden space 512K, 100% used [0x00000000d5f80000,0x00000000d6000000,0x00000000d6000000)
  from space 512K, 98% used [0x00000000d6000000,0x00000000d607e010,0x00000000d6080000)
  to   space 512K, 0% used [0x00000000d6100000,0x00000000d6100000,0x00000000d6180000)
 ParOldGen       total 129536K, used 403K [0x0000000081e00000, 0x0000000089c80000, 0x00000000d5f80000)
  object space 129536K, 0% used [0x0000000081e00000,0x0000000081e64ca0,0x0000000089c80000)
 Metaspace       used 3487K, capacity 4738K, committed 4864K, reserved 1056768K
  class space    used 388K, capacity 430K, committed 512K, reserved 1048576K
Event: 0.302 GC heap after
Heap after GC invocations=4 (full 0):
 PSYoungGen      total 1536K, used 504K [0x00000000d5f80000, 0x00000000d6180000, 0x0000000100000000)
  eden space 1024K, 0% used [0x00000000d5f80000,0x00000000d5f80000,0x00000000d6080000)
  from space 512K, 98% used [0x00000000d6100000,0x00000000d617e030,0x00000000d6180000)
  to   space 512K, 0% used [0x00000000d6080000,0x00000000d6080000,0x00000000d6100000)
 ParOldGen       total 129536K, used 503K [0x0000000081e00000, 0x0000000089c80000, 0x00000000d5f80000)
  object space 129536K, 0% used [0x0000000081e00000,0x0000000081e7de60,0x0000000089c80000)
 Metaspace       used 3487K, capacity 4738K, committed 4864K, reserved 1056768K
  class space    used 388K, capacity 430K, committed 512K, reserved 1048576K
}
Event: 0.348 GC heap before
{Heap before GC invocations=5 (full 0):
 PSYoungGen      total 1536K, used 1524K [0x00000000d5f80000, 0x00000000d6180000, 0x0000000100000000)
  eden space 1024K, 99% used [0x00000000d5f80000,0x00000000d607f098,0x00000000d6080000)
  from space 512K, 98% used [0x00000000d6100000,0x00000000d617e030,0x00000000d6180000)
  to   space 512K, 0% used [0x00000000d6080000,0x00000000d6080000,0x00000000d6100000)
 ParOldGen       total 129536K, used 503K [0x0000000081e00000, 0x0000000089c80000, 0x00000000d5f80000)
  object space 129536K, 0% used [0x0000000081e00000,0x0000000081e7de60,0x0000000089c80000)
 Metaspace       used 4026K, capacity 4876K, committed 5120K, reserved 1056768K
  class space    used 457K, capacity 504K, committed 512K, reserved 1048576K
Event: 0.350 GC heap after
Heap after GC invocations=5 (full 0):
 PSYoungGen      total 1536K, used 488K [0x00000000d5f80000, 0x00000000d6380000, 0x0000000100000000)
  eden space 1024K, 0% used [0x00000000d5f80000,0x00000000d5f80000,0x00000000d6080000)
  from space 512K, 95% used [0x00000000d6080000,0x00000000d60fa020,0x00000000d6100000)
  to   space 1024K, 0% used [0x00000000d6280000,0x00000000d6280000,0x00000000d6380000)
 ParOldGen       total 129536K, used 916K [0x0000000081e00000, 0x0000000089c80000, 0x00000000d5f80000)
  object space 129536K, 0% used [0x0000000081e00000,0x0000000081ee5088,0x0000000089c80000)
 Metaspace       used 4026K, capacity 4876K, committed 5120K, reserved 1056768K
  class space    used 457K, capacity 504K, committed 512K, reserved 1048576K
}
Event: 0.411 GC heap before
{Heap before GC invocations=6 (full 0):
 PSYoungGen      total 1536K, used 1510K [0x00000000d5f80000, 0x00000000d6380000, 0x0000000100000000)
  eden space 1024K, 99% used [0x00000000d5f80000,0x00000000d607fa68,0x00000000d6080000)
  from space 512K, 95% used [0x00000000d6080000,0x00000000d60fa020,0x00000000d6100000)
  to   space 1024K, 0% used [0x00000000d6280000,0x00000000d6280000,0x00000000d6380000)
 ParOldGen       total 129536K, used 916K [0x0000000081e00000, 0x0000000089c80000, 0x00000000d5f80000)
  object space 129536K, 0% used [0x0000000081e00000,0x0000000081ee5088,0x0000000089c80000)
 Metaspace       used 4313K, capacity 5100K, committed 5248K, reserved 1056768K
  class space    used 463K, capacity 536K, committed 640K, reserved 1048576K
Event: 0.412 GC heap after
Heap after GC invocations=6 (full 0):
 PSYoungGen      total 3072K, used 902K [0x00000000d5f80000, 0x00000000d6380000, 0x0000000100000000)
  eden space 2048K, 0% used [0x00000000d5f80000,0x00000000d5f80000,0x00000000d6180000)
  from space 1024K, 88% used [0x00000000d6280000,0x00000000d6361868,0x00000000d6380000)
  to   space 1024K, 0% used [0x00000000d6180000,0x00000000d6180000,0x00000000d6280000)
 ParOldGen       total 129536K, used 916K [0x0000000081e00000, 0x0000000089c80000, 0x00000000d5f80000)
  object space 129536K, 0% used [0x0000000081e00000,0x0000000081ee5088,0x0000000089c80000)
 Metaspace       used 4313K, capacity 5100K, committed 5248K, reserved 1056768K
  class space    used 463K, capacity 536K, committed 640K, reserved 1048576K
}
Event: 0.470 GC heap before
{Heap before GC invocations=7 (full 0):
 PSYoungGen      total 3072K, used 2950K [0x00000000d5f80000, 0x00000000d6380000, 0x0000000100000000)
  eden space 2048K, 100% used [0x00000000d5f80000,0x00000000d6180000,0x00000000d6180000)
  from space 1024K, 88% used [0x00000000d6280000,0x00000000d6361868,0x00000000d6380000)
  to   space 1024K, 0% used [0x00000000d6180000,0x00000000d6180000,0x00000000d6280000)
 ParOldGen       total 129536K, used 916K [0x0000000081e00000, 0x0000000089c80000, 0x00000000d5f80000)
  object space 129536K, 0% used [0x0000000081e00000,0x0000000081ee5088,0x0000000089c80000)
 Metaspace       used 5310K, capacity 5708K, committed 5760K, reserved 1056768K
  class space    used 562K, capacity 632K, committed 640K, reserved 1048576K
Event: 0.473 GC heap after
Heap after GC invocations=7 (full 0):
 PSYoungGen      total 3072K, used 1021K [0x00000000d5f80000, 0x00000000d6680000, 0x0000000100000000)
  eden space 2048K, 0% used [0x00000000d5f80000,0x00000000d5f80000,0x00000000d6180000)
  from space 1024K, 99% used [0x00000000d6180000,0x00000000d627f450,0x00000000d6280000)
  to   space 1536K, 0% used [0x00000000d6500000,0x00000000d6500000,0x00000000d6680000)
 ParOldGen       total 129536K, used 1705K [0x0000000081e00000, 0x0000000089c80000, 0x00000000d5f80000)
  object space 129536K, 1% used [0x0000000081e00000,0x0000000081faa508,0x0000000089c80000)
 Metaspace       used 5310K, capacity 5708K, committed 5760K, reserved 1056768K
  class space    used 562K, capacity 632K, committed 640K, reserved 1048576K
}
Event: 0.648 GC heap before
{Heap before GC invocations=8 (full 0):
 PSYoungGen      total 3072K, used 3069K [0x00000000d5f80000, 0x00000000d6680000, 0x0000000100000000)
  eden space 2048K, 100% used [0x00000000d5f80000,0x00000000d6180000,0x00000000d6180000)
  from space 1024K, 99% used [0x00000000d6180000,0x00000000d627f450,0x00000000d6280000)
  to   space 1536K, 0% used [0x00000000d6500000,0x00000000d6500000,0x00000000d6680000)
 ParOldGen       total 129536K, used 1705K [0x0000000081e00000, 0x0000000089c80000, 0x00000000d5f80000)
  object space 129536K, 1% used [0x0000000081e00000,0x0000000081faa508,0x0000000089c80000)
 Metaspace       used 6697K, capacity 6876K, committed 6912K, reserved 1056768K
  class space    used 697K, capacity 760K, committed 768K, reserved 1048576K
Event: 0.651 GC heap after
Heap after GC invocations=8 (full 0):
 PSYoungGen      total 5120K, used 1533K [0x00000000d5f80000, 0x00000000d6780000, 0x0000000100000000)
  eden space 3584K, 0% used [0x00000000d5f80000,0x00000000d5f80000,0x00000000d6300000)
  from space 1536K, 99% used [0x00000000d6500000,0x00000000d667f460,0x00000000d6680000)
  to   space 2048K, 0% used [0x00000000d6300000,0x00000000d6300000,0x00000000d6500000)
 ParOldGen       total 129536K, used 1901K [0x0000000081e00000, 0x0000000089c80000, 0x00000000d5f80000)
  object space 129536K, 1% used [0x0000000081e00000,0x0000000081fdb4d0,0x0000000089c80000)
 Metaspace       used 6697K, capacity 6876K, committed 6912K, reserved 1056768K
  class space    used 697K, capacity 760K, committed 768K, reserved 1048576K
}

